ARM GAS  /var/folders/8w/1d79zh4d21l7wh29qt927zlw0000gn/T//ccVaYV1g.s 			page 1


   1              		.cpu cortex-m4
   2              		.arch armv7e-m
   3              		.fpu fpv4-sp-d16
   4              		.eabi_attribute 27, 1
   5              		.eabi_attribute 28, 1
   6              		.eabi_attribute 20, 1
   7              		.eabi_attribute 21, 1
   8              		.eabi_attribute 23, 3
   9              		.eabi_attribute 24, 1
  10              		.eabi_attribute 25, 1
  11              		.eabi_attribute 26, 1
  12              		.eabi_attribute 30, 1
  13              		.eabi_attribute 34, 1
  14              		.eabi_attribute 18, 4
  15              		.file	"main.c"
  16              		.text
  17              	.Ltext0:
  18              		.cfi_sections	.debug_frame
  19              		.section	.text.main,"ax",%progbits
  20              		.align	1
  21              		.global	main
  22              		.syntax unified
  23              		.thumb
  24              		.thumb_func
  26              	main:
  27              	.LFB0:
  28              		.file 1 "Core/Src/main.c"
   1:Core/Src/main.c **** /* USER CODE BEGIN Header */
   2:Core/Src/main.c **** /**
   3:Core/Src/main.c ****   ******************************************************************************
   4:Core/Src/main.c ****   * @file           : main.c
   5:Core/Src/main.c ****   * @brief          : Main program body
   6:Core/Src/main.c ****   ******************************************************************************
   7:Core/Src/main.c ****   * @attention
   8:Core/Src/main.c ****   *
   9:Core/Src/main.c ****   * Copyright (c) 2023 STMicroelectronics.
  10:Core/Src/main.c ****   * All rights reserved.
  11:Core/Src/main.c ****   *
  12:Core/Src/main.c ****   * This software is licensed under terms that can be found in the LICENSE file
  13:Core/Src/main.c ****   * in the root directory of this software component.
  14:Core/Src/main.c ****   * If no LICENSE file comes with this software, it is provided AS-IS.
  15:Core/Src/main.c ****   *
  16:Core/Src/main.c ****   ******************************************************************************
  17:Core/Src/main.c ****   */
  18:Core/Src/main.c **** /* USER CODE END Header */
  19:Core/Src/main.c **** /* Includes ------------------------------------------------------------------*/
  20:Core/Src/main.c **** #include "main.h"
  21:Core/Src/main.c **** 
  22:Core/Src/main.c **** int main(void)
  23:Core/Src/main.c **** {
  29              		.loc 1 23 1 view -0
  30              		.cfi_startproc
  31              		@ Volatile: function does not return.
  32              		@ args = 0, pretend = 0, frame = 0
  33              		@ frame_needed = 0, uses_anonymous_args = 0
  34              		@ link register save eliminated.
  35              	.L2:
ARM GAS  /var/folders/8w/1d79zh4d21l7wh29qt927zlw0000gn/T//ccVaYV1g.s 			page 2


  24:Core/Src/main.c ****   while (1);
  36              		.loc 1 24 3 discriminator 1 view .LVU1
  37              		.loc 1 24 12 discriminator 1 view .LVU2
  38              		.loc 1 24 9 discriminator 1 view .LVU3
  39 0000 FEE7     		b	.L2
  40              		.cfi_endproc
  41              	.LFE0:
  43              		.text
  44              	.Letext0:
ARM GAS  /var/folders/8w/1d79zh4d21l7wh29qt927zlw0000gn/T//ccVaYV1g.s 			page 3


DEFINED SYMBOLS
                            *ABS*:0000000000000000 main.c
/var/folders/8w/1d79zh4d21l7wh29qt927zlw0000gn/T//ccVaYV1g.s:20     .text.main:0000000000000000 $t
/var/folders/8w/1d79zh4d21l7wh29qt927zlw0000gn/T//ccVaYV1g.s:26     .text.main:0000000000000000 main

NO UNDEFINED SYMBOLS
